[    0.000000] Initializing cgroup subsys cpuset
[    0.000000] Initializing cgroup subsys cpu
[    0.000000] Initializing cgroup subsys cpuacct
[    0.000000] Linux version 4.4.0-203-generic (buildd@lcy01-amd64-027) (gcc version 5.4.0 20160609 (Ubuntu 5.4.0-6ubuntu1~16.04.12) ) #235-Ubuntu SMP Tue Feb 2 02:49:08 UTC 2021 (Ubuntu 4.4.0-203.235-generic 4.4.249)
[    0.000000] Command line: BOOT_IMAGE=/boot/vmlinuz-4.4.0-203-generic root=LABEL=cloudimg-rootfs ro console=tty1 console=ttyS0
[    0.000000] KERNEL supported cpus:
[    0.000000]   Intel GenuineIntel
[    0.000000]   AMD AuthenticAMD
[    0.000000]   Centaur CentaurHauls
[    0.000000] x86/fpu: xstate_offset[2]:  576, xstate_sizes[2]:  256
[    0.000000] x86/fpu: Supporting XSAVE feature 0x01: 'x87 floating point registers'
[    0.000000] x86/fpu: Supporting XSAVE feature 0x02: 'SSE registers'
[    0.000000] x86/fpu: Supporting XSAVE feature 0x04: 'AVX registers'
[    0.000000] x86/fpu: Enabled xstate features 0x7, context size is 832 bytes, using 'standard' format.
[    0.000000] e820: BIOS-provided physical RAM map:
[    0.000000] BIOS-e820: [mem 0x0000000000000000-0x000000000009fbff] usable
[    0.000000] BIOS-e820: [mem 0x000000000009fc00-0x000000000009ffff] reserved
[    0.000000] BIOS-e820: [mem 0x00000000000f0000-0x00000000000fffff] reserved
[    0.000000] BIOS-e820: [mem 0x0000000000100000-0x000000007ffeffff] usable
[    0.000000] BIOS-e820: [mem 0x000000007fff0000-0x000000007fffffff] ACPI data
[    0.000000] BIOS-e820: [mem 0x00000000fec00000-0x00000000fec00fff] reserved
[    0.000000] BIOS-e820: [mem 0x00000000fee00000-0x00000000fee00fff] reserved
[    0.000000] BIOS-e820: [mem 0x00000000fffc0000-0x00000000ffffffff] reserved
[    0.000000] NX (Execute Disable) protection: active
[    0.000000] SMBIOS 2.5 present.
[    0.000000] Hypervisor detected: KVM
[    0.000000] e820: last_pfn = 0x7fff0 max_arch_pfn = 0x400000000
[    0.000000] MTRR: Disabled
[    0.000000] x86/PAT: MTRRs disabled, skipping PAT initialization too.
[    0.000000] CPU MTRRs all blank - virtualized system.
[    0.000000] x86/PAT: Configuration [0-7]: WB  WT  UC- UC  WB  WT  UC- UC  
[    0.000000] found SMP MP-table at [mem 0x0009fff0-0x0009ffff] mapped at [ffff88000009fff0]
[    0.000000] Scanning 1 areas for low memory corruption
[    0.000000] RAMDISK: [mem 0x362da000-0x37164fff]
[    0.000000] ACPI: Early table checksum verification disabled
[    0.000000] ACPI: RSDP 0x00000000000E0000 000024 (v02 VBOX  )
[    0.000000] ACPI: XSDT 0x000000007FFF0030 00003C (v01 VBOX   VBOXXSDT 00000001 ASL  00000061)
[    0.000000] ACPI: FACP 0x000000007FFF00F0 0000F4 (v04 VBOX   VBOXFACP 00000001 ASL  00000061)
[    0.000000] ACPI: DSDT 0x000000007FFF0470 002325 (v02 VBOX   VBOXBIOS 00000002 INTL 20100528)
[    0.000000] ACPI: FACS 0x000000007FFF0200 000040
[    0.000000] ACPI: FACS 0x000000007FFF0200 000040
[    0.000000] ACPI: APIC 0x000000007FFF0240 00005C (v02 VBOX   VBOXAPIC 00000001 ASL  00000061)
[    0.000000] ACPI: SSDT 0x000000007FFF02A0 0001CC (v01 VBOX   VBOXCPUT 00000002 INTL 20100528)
[    0.000000] No NUMA configuration found
[    0.000000] Faking a node at [mem 0x0000000000000000-0x000000007ffeffff]
[    0.000000] NODE_DATA(0) allocated [mem 0x7ffeb000-0x7ffeffff]
[    0.000000] kvm-clock: Using msrs 4b564d01 and 4b564d00
[    0.000000] kvm-clock: cpu 0, msr 0:7ffe3001, primary cpu clock
[    0.000000] kvm-clock: using sched offset of 3368051919 cycles
[    0.000000] clocksource: kvm-clock: mask: 0xffffffffffffffff max_cycles: 0x1cd42e4dffb, max_idle_ns: 881590591483 ns
[    0.000000] Zone ranges:
[    0.000000]   DMA      [mem 0x0000000000001000-0x0000000000ffffff]
[    0.000000]   DMA32    [mem 0x0000000001000000-0x000000007ffeffff]
[    0.000000]   Normal   empty
[    0.000000]   Device   empty
[    0.000000] Movable zone start for each node
[    0.000000] Early memory node ranges
[    0.000000]   node   0: [mem 0x0000000000001000-0x000000000009efff]
[    0.000000]   node   0: [mem 0x0000000000100000-0x000000007ffeffff]
[    0.000000] Initmem setup node 0 [mem 0x0000000000001000-0x000000007ffeffff]
[    0.000000] ACPI: PM-Timer IO Port: 0x4008
[    0.000000] IOAPIC[0]: apic_id 2, version 32, address 0xfec00000, GSI 0-23
[    0.000000] ACPI: INT_SRC_OVR (bus 0 bus_irq 0 global_irq 2 dfl dfl)
[    0.000000] ACPI: INT_SRC_OVR (bus 0 bus_irq 9 global_irq 9 low level)
[    0.000000] Using ACPI (MADT) for SMP configuration information
[    0.000000] smpboot: Allowing 2 CPUs, 0 hotplug CPUs
[    0.000000] PM: Registered nosave memory: [mem 0x00000000-0x00000fff]
[    0.000000] PM: Registered nosave memory: [mem 0x0009f000-0x0009ffff]
[    0.000000] PM: Registered nosave memory: [mem 0x000a0000-0x000effff]
[    0.000000] PM: Registered nosave memory: [mem 0x000f0000-0x000fffff]
[    0.000000] e820: [mem 0x80000000-0xfebfffff] available for PCI devices
[    0.000000] Booting paravirtualized kernel on KVM
[    0.000000] clocksource: refined-jiffies: mask: 0xffffffff max_cycles: 0xffffffff, max_idle_ns: 7645519600211568 ns
[    0.000000] setup_percpu: NR_CPUS:512 nr_cpumask_bits:512 nr_cpu_ids:2 nr_node_ids:1
[    0.000000] PERCPU: Embedded 33 pages/cpu @ffff88007fc00000 s95640 r8192 d31336 u1048576
[    0.000000] Built 1 zonelists in Node order, mobility grouping on.  Total pages: 515960
[    0.000000] Policy zone: DMA32
[    0.000000] Kernel command line: BOOT_IMAGE=/boot/vmlinuz-4.4.0-203-generic root=LABEL=cloudimg-rootfs ro console=tty1 console=ttyS0
[    0.000000] PID hash table entries: 4096 (order: 3, 32768 bytes)
[    0.000000] Memory: 2029840K/2096696K available (8641K kernel code, 1337K rwdata, 4044K rodata, 1496K init, 1296K bss, 66856K reserved, 0K cma-reserved)
[    0.000000] SLUB: HWalign=64, Order=0-3, MinObjects=0, CPUs=2, Nodes=1
[    0.000000] Kernel/User page tables isolation: enabled
[    0.000000] Hierarchical RCU implementation.
[    0.000000] 	Build-time adjustment of leaf fanout to 64.
[    0.000000] 	RCU restricting CPUs from NR_CPUS=512 to nr_cpu_ids=2.
[    0.000000] RCU: Adjusting geometry for rcu_fanout_leaf=64, nr_cpu_ids=2
[    0.000000] NR_IRQS:33024 nr_irqs:440 16
[    0.000000] Console: colour VGA+ 80x25
[    0.000000] console [tty1] enabled
[    0.000000] console [ttyS0] enabled
[    0.000000] tsc: Detected 2904.000 MHz processor
[    0.174521] Calibrating delay loop (skipped) preset value.. 5808.00 BogoMIPS (lpj=11616000)
[    0.176252] pid_max: default: 32768 minimum: 301
[    0.177215] ACPI: Core revision 20150930
[    0.178987] ACPI: 2 ACPI AML tables successfully acquired and loaded
[    0.180329] Security Framework initialized
[    0.181217] Yama: becoming mindful.
[    0.182068] AppArmor: AppArmor initialized
[    0.185971] Dentry cache hash table entries: 262144 (order: 9, 2097152 bytes)
[    0.187773] Inode-cache hash table entries: 131072 (order: 8, 1048576 bytes)
[    0.191825] Mount-cache hash table entries: 4096 (order: 3, 32768 bytes)
[    0.193413] Mountpoint-cache hash table entries: 4096 (order: 3, 32768 bytes)
[    0.195010] Initializing cgroup subsys io
[    0.196016] Initializing cgroup subsys memory
[    0.197152] Initializing cgroup subsys devices
[    0.198103] Initializing cgroup subsys freezer
[    0.198919] Initializing cgroup subsys net_cls
[    0.199739] Initializing cgroup subsys perf_event
[    0.200589] Initializing cgroup subsys net_prio
[    0.201469] Initializing cgroup subsys hugetlb
[    0.202351] Initializing cgroup subsys pids
[    0.204800] mce: CPU supports 0 MCE banks
[    0.205585] Last level iTLB entries: 4KB 64, 2MB 8, 4MB 8
[    0.206569] Last level dTLB entries: 4KB 64, 2MB 0, 4MB 0, 1GB 4
[    0.207578] Spectre V1 : Mitigation: usercopy/swapgs barriers and __user pointer sanitization
[    0.209125] Spectre V2 : Mitigation: Full generic retpoline
[    0.210100] Spectre V2 : Spectre v2 / SpectreRSB mitigation: Filling RSB on context switch
[    0.211605] Speculative Store Bypass: Vulnerable
[    0.212447] SRBDS: Unknown: Dependent on hypervisor status
[    0.213473] MDS: Vulnerable: Clear CPU buffers attempted, no microcode
[    0.217215] Freeing SMP alternatives memory: 36K
[    0.224099] ftrace: allocating 32366 entries in 127 pages
[    0.280740] smpboot: APIC(0) Converting physical 0 to logical package 0
[    0.282156] smpboot: Max logical packages: 1
[    0.283339] x2apic enabled
[    0.284291] Switched APIC routing to physical x2apic.
[    0.286581] ..TIMER: vector=0x30 apic1=0 pin1=2 apic2=-1 pin2=-1
[    0.395867] smpboot: CPU0: Intel(R) Core(TM) i7-7500U CPU @ 2.70GHz (family: 0x6, model: 0x8e, stepping: 0x9)
[    0.398170] Performance Events: unsupported p6 CPU model 142 no PMU driver, software events only.
[    0.408658] KVM setup paravirtual spinlock
[    0.414323] x86: Booting SMP configuration:
[    0.415155] .... node  #0, CPUs:      #1
[    0.415961] kvm-clock: cpu 1, msr 0:7ffe3041, secondary cpu clock
[    0.417875] mce: CPU supports 0 MCE banks
[    0.421412] x86: Booted up 1 node, 2 CPUs
[    0.422607] smpboot: Total of 2 processors activated (11616.00 BogoMIPS)
[    0.424562] devtmpfs: initialized
[    0.427190] evm: security.selinux
[    0.428020] evm: security.SMACK64
[    0.428809] evm: security.SMACK64EXEC
[    0.429643] evm: security.SMACK64TRANSMUTE
[    0.430519] evm: security.SMACK64MMAP
[    0.431343] evm: security.ima
[    0.432091] evm: security.capability
[    0.433119] clocksource: jiffies: mask: 0xffffffff max_cycles: 0xffffffff, max_idle_ns: 7645041785100000 ns
[    0.435092] futex hash table entries: 512 (order: 3, 32768 bytes)
[    0.436350] pinctrl core: initialized pinctrl subsystem
[    0.437520] RTC time: 13:19:57, date: 03/19/21
[    0.438647] NET: Registered protocol family 16
[    0.447415] cpuidle: using governor ladder
[    0.460843] cpuidle: using governor menu
[    0.462083] PCCT header not found.
[    0.463028] ACPI: bus type PCI registered
[    0.463838] acpiphp: ACPI Hot Plug PCI Controller Driver version: 0.5
[    0.465192] PCI: Using configuration type 1 for base access
[    0.480852] ACPI: Added _OSI(Module Device)
[    0.481774] ACPI: Added _OSI(Processor Device)
[    0.482616] ACPI: Added _OSI(3.0 _SCP Extensions)
[    0.483465] ACPI: Added _OSI(Processor Aggregator Device)
[    0.485064] ACPI: Executed 1 blocks of module-level executable AML code
[    0.487877] ACPI: Interpreter enabled
[    0.488626] ACPI: (supports S0 S5)
[    0.489322] ACPI: Using IOAPIC for interrupt routing
[    0.490364] PCI: Using host bridge windows from ACPI; if necessary, use "pci=nocrs" and report a bug
[    0.495567] ACPI: PCI Root Bridge [PCI0] (domain 0000 [bus 00-ff])
[    0.496747] acpi PNP0A03:00: _OSC: OS supports [ASPM ClockPM Segments MSI]
[    0.498353] acpi PNP0A03:00: _OSC: not requesting OS control; OS requires [ExtendedConfig ASPM ClockPM MSI]
[    0.500831] acpi PNP0A03:00: fail to add MMCONFIG information, can't access extended PCI configuration space under this bridge.
[    0.503301] PCI host bridge to bus 0000:00
[    0.504268] pci_bus 0000:00: root bus resource [io  0x0000-0x0cf7 window]
[    0.505651] pci_bus 0000:00: root bus resource [io  0x0d00-0xffff window]
[    0.507002] pci_bus 0000:00: root bus resource [mem 0x000a0000-0x000bffff window]
[    0.508674] pci_bus 0000:00: root bus resource [mem 0x80000000-0xfdffffff window]
[    0.510358] pci_bus 0000:00: root bus resource [bus 00-ff]
[    0.512951] pci 0000:00:01.1: legacy IDE quirk: reg 0x10: [io  0x01f0-0x01f7]
[    0.514312] pci 0000:00:01.1: legacy IDE quirk: reg 0x14: [io  0x03f6]
[    0.515675] pci 0000:00:01.1: legacy IDE quirk: reg 0x18: [io  0x0170-0x0177]
[    0.527940] pci 0000:00:01.1: legacy IDE quirk: reg 0x1c: [io  0x0376]
[    0.548502] pci 0000:00:07.0: quirk: [io  0x4000-0x403f] claimed by PIIX4 ACPI
[    0.550448] pci 0000:00:07.0: quirk: [io  0x4100-0x410f] claimed by PIIX4 SMB
[    0.563945] ACPI: PCI Interrupt Link [LNKA] (IRQs 5 9 10 *11)
[    0.565778] ACPI: PCI Interrupt Link [LNKB] (IRQs 5 9 *10 11)
[    0.567449] ACPI: PCI Interrupt Link [LNKC] (IRQs 5 *9 10 11)
[    0.569041] ACPI: PCI Interrupt Link [LNKD] (IRQs 5 9 10 *11)
[    0.570473] ACPI: Enabled 2 GPEs in block 00 to 07
[    0.571623] vgaarb: setting as boot device: PCI:0000:00:02.0
[    0.572621] vgaarb: device added: PCI:0000:00:02.0,decodes=io+mem,owns=io+mem,locks=none
[    0.574181] vgaarb: loaded
[    0.574782] vgaarb: bridge control possible 0000:00:02.0
[    0.575882] SCSI subsystem initialized
[    0.576733] ACPI: bus type USB registered
[    0.577528] usbcore: registered new interface driver usbfs
[    0.578508] usbcore: registered new interface driver hub
[    0.579595] usbcore: registered new device driver usb
[    0.580719] PCI: Using ACPI for IRQ routing
[    0.581806] NetLabel: Initializing
[    0.583536] NetLabel:  domain hash size = 128
[    0.594317] NetLabel:  protocols = UNLABELED CIPSOv4
[    0.595359] NetLabel:  unlabeled traffic allowed by default
[    0.596747] amd_nb: Cannot enumerate AMD northbridges
[    0.597888] clocksource: Switched to clocksource kvm-clock
[    0.611465] AppArmor: AppArmor Filesystem Enabled
[    0.612400] pnp: PnP ACPI init
[    0.613706] pnp: PnP ACPI: found 3 devices
[    0.627825] clocksource: acpi_pm: mask: 0xffffff max_cycles: 0xffffff, max_idle_ns: 2085701024 ns
[    0.629718] NET: Registered protocol family 2
[    0.630918] TCP established hash table entries: 16384 (order: 5, 131072 bytes)
[    0.632837] TCP bind hash table entries: 16384 (order: 6, 262144 bytes)
[    0.633991] TCP: Hash tables configured (established 16384 bind 16384)
[    0.635160] UDP hash table entries: 1024 (order: 3, 32768 bytes)
[    0.636209] UDP-Lite hash table entries: 1024 (order: 3, 32768 bytes)
[    0.637331] NET: Registered protocol family 1
[    0.638171] pci 0000:00:00.0: Limiting direct PCI/PCI transfers
[    0.639232] pci 0000:00:01.0: Activating ISA DMA hang workarounds
[    0.640400] Unpacking initramfs...
[    0.895002] Freeing initrd memory: 14892K
[    0.896046] clocksource: tsc: mask: 0xffffffffffffffff max_cycles: 0x29dc05e54fc, max_idle_ns: 440795291716 ns
[    0.898358] platform rtc_cmos: registered platform RTC device (no PNP device found)
[    0.900181] Scanning for low memory corruption every 60 seconds
[    0.901944] audit: initializing netlink subsys (disabled)
[    0.903042] audit: type=2000 audit(1616160003.460:1): initialized
[    0.904291] Initialise system trusted keyring
[    0.905383] HugeTLB registered 2 MB page size, pre-allocated 0 pages
[    0.907524] zbud: loaded
[    0.908397] VFS: Disk quotas dquot_6.6.0
[    0.909181] VFS: Dquot-cache hash table entries: 512 (order 0, 4096 bytes)
[    0.910551] squashfs: version 4.0 (2009/01/31) Phillip Lougher
[    0.911821] fuse init (API version 7.23)
[    0.912689] Key type big_key registered
[    0.913467] Allocating IMA MOK and blacklist keyrings.
[    0.915472] Key type asymmetric registered
[    0.916379] Asymmetric key parser 'x509' registered
[    0.917426] Block layer SCSI generic (bsg) driver version 0.4 loaded (major 249)
[    0.919255] io scheduler noop registered
[    0.920144] io scheduler deadline registered (default)
[    0.921238] io scheduler cfq registered
[    0.922308] pci_hotplug: PCI Hot Plug PCI Core version: 0.5
[    0.923624] pciehp: PCI Express Hot Plug Controller Driver version: 0.4
[    0.925022] ACPI: AC Adapter [AC] (on-line)
[    0.926025] input: Power Button as /devices/LNXSYSTM:00/LNXPWRBN:00/input/input0
[    0.927788] ACPI: Power Button [PWRF]
[    0.928868] input: Sleep Button as /devices/LNXSYSTM:00/LNXSLPBN:00/input/input1
[    0.930484] ACPI: Sleep Button [SLPF]
[    0.932129] ACPI: Battery Slot [BAT0] (battery present)
[    0.933304] GHES: HEST is not enabled!
[    0.934253] Serial: 8250/16550 driver, 32 ports, IRQ sharing enabled
[    0.956666] 00:02: ttyS0 at I/O 0x3f8 (irq = 4, base_baud = 115200) is a 16550A
[    0.959312] Linux agpgart interface v0.103
[    0.966872] loop: module loaded
[    0.968092] scsi host0: ata_piix
[    0.969033] scsi host1: ata_piix
[    0.969965] ata1: PATA max UDMA/33 cmd 0x1f0 ctl 0x3f6 bmdma 0xd000 irq 14
[    0.971222] ata2: PATA max UDMA/33 cmd 0x170 ctl 0x376 bmdma 0xd008 irq 15
[    0.972994] libphy: Fixed MDIO Bus: probed
[    0.974007] tun: Universal TUN/TAP device driver, 1.6
[    0.975210] tun: (C) 1999-2004 Max Krasnyansky <maxk@qualcomm.com>
[    0.981608] PPP generic driver version 2.4.2
[    0.982790] ehci_hcd: USB 2.0 'Enhanced' Host Controller (EHCI) Driver
[    0.984235] ehci-pci: EHCI PCI platform driver
[    0.985838] ehci-platform: EHCI generic platform driver
[    0.987018] ohci_hcd: USB 1.1 'Open' Host Controller (OHCI) Driver
[    0.988272] ohci-pci: OHCI PCI platform driver
[    0.989335] ohci-platform: OHCI generic platform driver
[    0.990698] uhci_hcd: USB Universal Host Controller Interface driver
[    0.991962] i8042: PNP: PS/2 Controller [PNP0303:PS2K,PNP0f03:PS2M] at 0x60,0x64 irq 1,12
[    0.994109] serio: i8042 KBD port at 0x60,0x64 irq 1
[    0.995014] serio: i8042 AUX port at 0x60,0x64 irq 12
[    0.996053] mousedev: PS/2 mouse device common for all mice
[    0.997505] input: AT Translated Set 2 keyboard as /devices/platform/i8042/serio0/input/input2
[    0.999171] rtc_cmos rtc_cmos: rtc core: registered rtc_cmos as rtc0
[    1.000566] rtc_cmos rtc_cmos: alarms up to one day, 114 bytes nvram
[    1.001852] i2c /dev entries driver
[    1.002790] device-mapper: uevent: version 1.0.3
[    1.003904] device-mapper: ioctl: 4.34.0-ioctl (2015-10-28) initialised: dm-devel@redhat.com
[    1.005816] ledtrig-cpu: registered to indicate activity on CPUs
[    1.007490] NET: Registered protocol family 10
[    1.008636] NET: Registered protocol family 17
[    1.009575] Key type dns_resolver registered
[    1.011027] registered taskstats version 1
[    1.011955] Loading compiled-in X.509 certificates
[    1.013453] Loaded X.509 cert 'Build time autogenerated kernel key: c0f1dd89d7e09a1955be4fde7c6f946674683c10'
[    1.015607] zswap: loaded using pool lzo/zbud
[    1.017954] Key type trusted registered
[    1.021239] Key type encrypted registered
[    1.022091] AppArmor: AppArmor sha1 policy hashing enabled
[    1.023053] ima: No TPM chip found, activating TPM-bypass!
[    1.024010] ima: Allocated hash algorithm: sha1
[    1.024849] evm: HMAC attrs: 0x1
[    1.025760]   Magic number: 13:59:332
[    1.026554] tty tty53: hash matches
[    1.027411] rtc_cmos rtc_cmos: setting system clock to 2021-03-19 13:19:58 UTC (1616159998)
[    1.029519] BIOS EDD facility v0.16 2004-Jun-25, 0 devices found
[    1.030564] EDD information not available.
[    1.647141] Freeing unused kernel memory: 1496K
[    1.648255] Write protecting the kernel read-only data: 14336k
[    1.650145] Freeing unused kernel memory: 1588K
[    1.651464] Freeing unused kernel memory: 52K
Loading, please wait...
starting version 229
[    1.663644] random: systemd-udevd: uninitialized urandom read (16 bytes read, 3 bits of entropy available)
[    1.664283] random: udevadm: uninitialized urandom read (16 bytes read, 3 bits of entropy available)
[    1.664301] random: udevadm: uninitialized urandom read (16 bytes read, 3 bits of entropy available)
[    1.672658] random: systemd-udevd: uninitialized urandom read (16 bytes read, 3 bits of entropy available)
[    1.673156] random: udevadm: uninitialized urandom read (16 bytes read, 3 bits of entropy available)
[    1.673201] random: udevadm: uninitialized urandom read (16 bytes read, 3 bits of entropy available)
[    1.673348] random: udevadm: uninitialized urandom read (16 bytes read, 3 bits of entropy available)
[    1.673400] random: udevadm: uninitialized urandom read (16 bytes read, 3 bits of entropy available)
[    1.673454] random: udevadm: uninitialized urandom read (16 bytes read, 3 bits of entropy available)
[    1.673508] random: udevadm: uninitialized urandom read (16 bytes read, 3 bits of entropy available)
[    1.721188] e1000: Intel(R) PRO/1000 Network Driver - version 7.3.21-k8-NAPI
[    1.722850] e1000: Copyright (c) 1999-2006 Intel Corporation.
[    1.732057] Fusion MPT base driver 3.04.20
[    1.732867] Copyright (c) 1999-2008 LSI Corporation
[    1.765419] Fusion MPT SPI Host driver 3.04.20
[    1.770117] AVX2 version of gcm_enc/dec engaged.
[    1.771120] AES CTR mode by8 optimization enabled
[    1.931200] input: ImExPS/2 Generic Explorer Mouse as /devices/platform/i8042/serio1/input/input4
[    2.104000] e1000 0000:00:03.0 eth0: (PCI:33MHz:32-bit) 02:6e:7f:8d:d8:76
[    2.105255] e1000 0000:00:03.0 eth0: Intel(R) PRO/1000 Network Connection
[    2.462880] e1000 0000:00:08.0 eth1: (PCI:33MHz:32-bit) 08:00:27:5c:c9:3c
[    2.464194] e1000 0000:00:08.0 eth1: Intel(R) PRO/1000 Network Connection
[    2.466907] e1000 0000:00:03.0 enp0s3: renamed from eth0
[    2.468640] mptbase: ioc0: Initiating bringup
[    2.478240] e1000 0000:00:08.0 enp0s8: renamed from eth1
[    2.649324] ioc0: LSI53C1030 A0: Capabilities={Initiator}
[    4.463251] scsi host2: ioc0: LSI53C1030 A0, FwRev=00000000h, Ports=1, MaxQ=256, IRQ=20
[    5.962957] scsi 2:0:0:0: Direct-Access     VBOX     HARDDISK         1.0  PQ: 0 ANSI: 5
[    5.964812] scsi target2:0:0: Beginning Domain Validation
[    5.967914] scsi target2:0:0: Domain Validation skipping write tests
[    5.979165] scsi target2:0:0: Ending Domain Validation
[    5.982264] scsi target2:0:0: asynchronous
[    5.995438] scsi 2:0:1:0: Direct-Access     VBOX     HARDDISK         1.0  PQ: 0 ANSI: 5
[    5.997521] scsi target2:0:1: Beginning Domain Validation
[    5.999129] scsi target2:0:1: Domain Validation skipping write tests
[    6.000379] scsi target2:0:1: Ending Domain Validation
[    6.001576] scsi target2:0:1: asynchronous
[    6.007436] sd 2:0:0:0: [sda] 83886080 512-byte logical blocks: (42.9 GB/40.0 GiB)
[    6.007621] sd 2:0:0:0: Attached scsi generic sg0 type 0
[    6.008041] sd 2:0:1:0: [sdb] 20480 512-byte logical blocks: (10.5 MB/10.0 MiB)
[    6.008087] sd 2:0:1:0: Attached scsi generic sg1 type 0
[    6.008289] sd 2:0:1:0: [sdb] Write Protect is off
[    6.008371] sd 2:0:1:0: [sdb] Incomplete mode parameter data
[    6.008372] sd 2:0:1:0: [sdb] Assuming drive cache: write through
[    6.017327] sd 2:0:0:0: [sda] Write Protect is off
[    6.017873] sd 2:0:1:0: [sdb] Attached SCSI disk
[    6.019964] sd 2:0:0:0: [sda] Incomplete mode parameter data
[    6.021194] sd 2:0:0:0: [sda] Assuming drive cache: write through
[    6.024607]  sda: sda1
[    6.026167] sd 2:0:0:0: [sda] Attached SCSI disk
Begin: Loading essential drivers ... [    7.441377] md: linear personality registered for level -1
[    7.445036] md: multipath personality registered for level -4
[    7.448093] md: raid0 personality registered for level 0
[    7.452336] md: raid1 personality registered for level 1
[    7.522657] raid6: sse2x1   gen()  9273 MB/s
[    7.590016] raid6: sse2x1   xor()  8815 MB/s
[    7.657895] raid6: sse2x2   gen() 14589 MB/s
[    7.726528] raid6: sse2x2   xor() 10028 MB/s
[    7.793969] raid6: sse2x4   gen() 12882 MB/s
[    7.861898] raid6: sse2x4   xor() 11288 MB/s
[    7.930067] raid6: avx2x1   gen() 23731 MB/s
[    7.998242] raid6: avx2x2   gen() 26855 MB/s
[    8.065931] raid6: avx2x4   gen() 29426 MB/s
[    8.066958] raid6: using algorithm avx2x4 gen() 29426 MB/s
[    8.068130] raid6: using avx2x2 recovery algorithm
[    8.070445] xor: automatically using best checksumming function:
[    8.110386]    avx       : 28840.000 MB/sec
[    8.112704] async_tx: api initialized (async)
[    8.122087] md: raid6 personality registered for level 6
[    8.123409] md: raid5 personality registered for level 5
[    8.124699] md: raid4 personality registered for level 4
[    8.130497] md: raid10 personality registered for level 10
done.
Begin: Running /scripts/init-premount ... done.
Begin: Mounting root file system ... Begin: Running /scripts/local-top ... done.
Begin: Running /scripts/local-premount ... [    8.156504] Btrfs loaded
Scanning for Btrfs filesystems
done.
Warning: fsck not present, so skipping root file system
[    8.198236] EXT4-fs (sda1): mounted filesystem with ordered data mode. Opts: (null)
done.
Begin: Running /scripts/local-bottom ... done.
Begin: Running /scripts/init-bottom ... done.
[    8.360382] systemd[1]: systemd 229 running in system mode. (+PAM +AUDIT +SELINUX +IMA +APPARMOR +SMACK +SYSVINIT +UTMP +LIBCRYPTSETUP +GCRYPT +GNUTLS +ACL +XZ -LZ4 +SECCOMP +BLKID +ELFUTILS +KMOD -IDN)
[    8.364631] systemd[1]: Detected virtualization oracle.
[    8.365760] systemd[1]: Detected architecture x86-64.

Welcome to [1mUbuntu 16.04.7 LTS[0m!

[    8.375427] systemd[1]: Set hostname to <ubuntu>.
[    8.379606] systemd[1]: Initializing machine ID from random generator.
[    8.380745] systemd[1]: Installed transient /etc/machine-id file.
[    8.505859] systemd[1]: Started Trigger resolvconf update for networkd DNS.
[[0;32m  OK  [0m] Started Trigger resolvconf update for networkd DNS.
[    8.508034] systemd[1]: Listening on udev Control Socket.
[[0;32m  OK  [0m] Listening on udev Control Socket.
[    8.509657] systemd[1]: Started Forward Password Requests to Wall Directory Watch.
[[0;32m  OK  [0m] Started Forward Password Requests to Wall Directory Watch.
[    8.515467] systemd[1]: Set up automount Arbitrary Executable File Formats File System Automount Point.
[[0;32m  OK  [0m] Set up automount Arbitrary Executab...ats File System Automount Point.
[    8.519234] systemd[1]: Listening on Syslog Socket.
[[0;32m  OK  [0m] Listening on Syslog Socket.
[    8.520929] systemd[1]: Reached target User and Group Name Lookups.
[[0;32m  OK  [0m] Reached target User and Group Name Lookups.
[    8.523084] systemd[1]: Listening on Journal Socket (/dev/log).
[[0;32m  OK  [0m] Listening on Journal Socket (/dev/log).
[    8.525056] systemd[1]: Listening on LVM2 poll daemon socket.
[[0;32m  OK  [0m] Listening on LVM2 poll daemon socket.
[    8.527435] systemd[1]: Reached target System Time Synchronized.
[[0;32m  OK  [0m] Reached target System Time Synchronized.
[    8.529414] systemd[1]: Created slice System Slice.
[[0;32m  OK  [0m] Created slice System Slice.
[    8.531345] systemd[1]: Listening on Journal Audit Socket.
[[0;32m  OK  [0m] Listening on Journal Audit Socket.
[    8.533488] systemd[1]: Reached target Encrypted Volumes.
[[0;32m  OK  [0m] Reached target Encrypted Volumes.
[    8.535332] systemd[1]: Listening on Journal Socket.
[[0;32m  OK  [0m] Listening on Journal Socket.
[    8.546744] systemd[1]: Mounting Huge Pages File System...
         Mounting Huge Pages File System...
[    8.550736] systemd[1]: Starting Remount Root and Kernel File Systems...
         Starting Remount Root and Kernel File Systems...
[    8.554142] EXT4-fs (sda1): re-mounted. Opts: (null)
[    8.559072] systemd[1]: Starting Uncomplicated firewall...
         Starting Uncomplicated firewall...
[    8.562146] systemd[1]: Mounting Debug File System...
         Mounting Debug File System...
[    8.565534] systemd[1]: Starting Nameserver information manager...
         Starting Nameserver information manager...
[    8.567998] systemd[1]: Starting Create list of required static device nodes for the current kernel...
         Starting Create list of required st... nodes for the current kernel...
[    8.571347] systemd[1]: Starting Set console keymap...
         Starting Set console keymap...
[    8.573878] systemd[1]: Starting Journal Service...
         Starting Journal Service...
[    8.580174] systemd[1]: Starting Load Kernel Modules...
         Starting Load Kernel Modules...
[    8.582330] systemd[1]: Listening on LVM2 metadata daemon socket.
[[0;32m  OK  [0m] Listening on LVM2 metadata daemon socket.
[    8.595237] systemd[1]: Created slice system-serial\x2dgetty.slice.
[[0;32m  OK  [0m] Created slice system-serial\x2dgetty.slice.
[    8.598161] systemd[1]: Mounting POSIX Message Queue File System...
         Mounting POSIX Message Queue File System...
[    8.600449] systemd[1]: Listening on Device-mapper event daemon FIFOs.
[    8.605303] Loading iSCSI transport class v2.0-870.
[[0;32m  OK  [0m] Listening on Device-mapper event daemon FIFOs.
[    8.619143] systemd[1]: Starting Monitoring of LVM2 mirrors, snapshots etc. using dmeventd or progress polling...
         Starting Monitoring of LVM2 mirrors... dmeventd or progress polling...
[    8.626320] iscsi: registered transport (tcp)
[    8.626793] systemd[1]: Listening on /dev/initctl Compatibility Named Pipe.
[[0;32m  OK  [0m] Listening on /dev/initctl Compatibility Named Pipe.
[    8.634366] systemd[1]: Listening on udev Kernel Socket.
[[0;32m  OK  [0m] Listening on udev Kernel Socket.
[    8.642739] systemd[1]: Created slice User and Session Slice.
[[0;32m  OK  [0m] Created slice User and Session Slice.
[    8.647069] systemd[1]: Reached target Slices.
[[0;32m  OK  [0m] Reached target Slices.
[    8.650093] systemd[1]: Reached target Swap.
[[0;32m  OK  [0m] Reached target Swap.
[    8.666649] systemd[1]: Mounted Debug File System.
[[0;32m  OK  [0m] Mounted Debug File System.
[    8.668963] systemd[1]: Mounted POSIX Message Queue File System.
[[0;32m  OK  [0m] Mounted POSIX Message Queue File System.
[    8.676845] iscsi: registered transport (iser)
[    8.683027] systemd[1]: Mounted Huge Pages File System.
[[0;32m  OK  [0m] Mounted Huge Pages File System.
[    8.685115] systemd[1]: Started Journal Service.
[[0;32m  OK  [0m] Started Journal Service.
[[0;32m  OK  [0m] Started Remount Root and Kernel File Systems.
[[0;32m  OK  [0m] Started Uncomplicated firewall.
[[0;32m  OK  [0m] Started Create list of required sta...ce nodes for the current kernel.
[[0;32m  OK  [0m] Started Set console keymap.
[[0;32m  OK  [0m] Started Load Kernel Modules.
[[0;32m  OK  [0m] Started Nameserver information manager.
[[0;32m  OK  [0m] Started LVM2 metadata daemon.
         Mounting FUSE Control File System...
         Starting Apply Kernel Variables...
         Starting Create Static Device Nodes in /dev...
         Starting Load/Save Random Seed...
         Starting udev Coldplug all Devices...
         Starting Flush Journal to Persistent Storage...
[[0;32m  OK  [0m] Mounted FUSE Control File System.
[[0;32m  OK  [0m] Started Apply Kernel Variables.
[[0;32m  OK  [0m] Started Load/Save Random Seed.
[[0;32m  OK  [0m] Started Create Static Device Nodes in /dev.
[[0;32m  OK  [0m] Started Flush Journal to Persistent Storage.
         Starting udev Kernel Device Manager...
[[0;32m  OK  [0m] Started udev Coldplug all Devices.
[[0;32m  OK  [0m] Started udev Kernel Device Manager.
[[0;32m  OK  [0m] Started Dispatch Password Requests to Console Directory Watch.
[[0;32m  OK  [0m] Found device /dev/ttyS0.
[[0;32m  OK  [0m] Listening on Load/Save RF Kill Switch Status /dev/rfkill Watch.
[[0;32m  OK  [0m] Started Monitoring of LVM2 mirrors,...ng dmeventd or progress polling.
[[0;32m  OK  [0m] Reached target Local File Systems (Pre).
[[0;32m  OK  [0m] Reached target Local File Systems.
         Starting Create Volatile Files and Directories...
         Starting Set console font and keymap...
         Starting Initial cloud-init job (pre-networking)...
         Starting Commit a transient machine-id on disk...
         Starting Tell Plymouth To Write Out Runtime Data...
         Starting LSB: AppArmor initialization...
[[0;32m  OK  [0m] Started Create Volatile Files and Directories.
[[0;32m  OK  [0m] Started Tell Plymouth To Write Out Runtime Data.
         Starting Update UTMP about System Boot/Shutdown...
[[0;32m  OK  [0m] Started Commit a transient machine-id on disk.
[[0;32m  OK  [0m] Started Update UTMP about System Boot/Shutdown.
[[0;32m  OK  [0m] Started Set console font and keymap.
[[0;32m  OK  [0m] Created slice system-getty.slice.
[   10.740804] cloud-init[636]: Cloud-init v. 20.4.1-0ubuntu1~16.04.1 running 'init-local' at Fri, 19 Mar 2021 13:20:07 +0000. Up 10.25 seconds.
[[0;32m  OK  [0m] Started Initial cloud-init job (pre-networking).
[[0;32m  OK  [0m] Reached target Network (Pre).
[[0;32m  OK  [0m] Started LSB: AppArmor initialization.
         Starting Load AppArmor profiles managed internally by snapd...
         Starting Raise network interfaces...
[[0;32m  OK  [0m] Started Load AppArmor profiles managed internally by snapd.
[[0;32m  OK  [0m] Started Raise network interfaces.
[[0;32m  OK  [0m] Reached target Network.
         Starting Initial cloud-init job (metadata service crawler)...
[   11.980742] cloud-init[963]: Cloud-init v. 20.4.1-0ubuntu1~16.04.1 running 'init' at Fri, 19 Mar 2021 13:20:09 +0000. Up 11.40 seconds.
[   11.988348] cloud-init[963]: ci-info: ++++++++++++++++++++++++++++++++++++++Net device info+++++++++++++++++++++++++++++++++++++++
[   11.989583] cloud-init[963]: ci-info: +--------+-------+----------------------------+---------------+--------+-------------------+
[   11.991704] cloud-init[963]: ci-info: | Device |   Up  |          Address           |      Mask     | Scope  |     Hw-Address    |
[   11.993955] cloud-init[963]: ci-info: +--------+-------+----------------------------+---------------+--------+-------------------+
[   11.996337] cloud-init[963]: ci-info: | enp0s3 |  True |         10.0.2.15          | 255.255.255.0 | global | 02:6e:7f:8d:d8:76 |
[   12.000393] cloud-init[963]: ci-info: | enp0s3 |  True | fe80::6e:7fff:fe8d:d876/64 |       .       |  link  | 02:6e:7f:8d:d8:76 |
[   12.016260] cloud-init[963]: ci-info: | enp0s8 | False |             .              |       .       |   .    | 08:00:27:5c:c9:3c |
[   12.024491] cloud-init[963]: ci-info: |   lo   |  True |         127.0.0.1          |   255.0.0.0   |  host  |         .         |
[   12.032369] cloud-init[963]: ci-info: |   lo   |  True |          ::1/128           |       .       |  host  |         .         |
[   12.040403] cloud-init[963]: ci-info: +--------+-------+----------------------------+---------------+--------+-------------------+
[[0;32m  OK  [0m] Started Initial cloud-init job (metadata service crawler).
[[0;32m  OK  [0m] Reached target Network is Online.
[   12.054346] cloud-init[963]: ci-info: +++++++++++++++++++++++++++Route IPv4 info++++++++++++++++++++++++++++
[   12.069131] cloud-init[963]: ci-info: +-------+-------------+----------+---------------+-----------+-------+
[   12.076969] cloud-init[963]: ci-info: | Route | Destination | Gateway  |    Genmask    | Interface | Flags |
         Starting iSCSI initiator daemon (iscsid)...
[[0;32m  OK  [0m] Reached target Cloud-config availability.
[[0;32m  OK  [0m] Reached target System Initialization.
[   12.087884] cloud-init[963]: ci-info: +-------+-------------+----------+---------------+-----------+-------+
         Starting Socket activation for snappy daemon.
[   12.104835] cloud-init[963]: ci-info: |   0   |   0.0.0.0   | 10.0.2.2 |    0.0.0.0    |   enp0s3  |   UG  |
[   12.112775] cloud-init[963]: ci-info: |   1   |   10.0.2.0  | 0.0.0.0  | 255.255.255.0 |   enp0s3  |   U   |
[   12.113106] cloud-init[963]: ci-info: +-------+-------------+----------+---------------+-----------+-------+
[   12.113457] cloud-init[963]: ci-info: +++++++++++++++++++Route IPv6 info+++++++++++++++++++
[   12.113794] cloud-init[963]: ci-info: +-------+-------------+---------+-----------+-------+
[   12.114137] cloud-init[963]: ci-info: | Route | Destination | Gateway | Interface | Flags |
[   12.114495] cloud-init[963]: ci-info: +-------+-------------+---------+-----------+-------+
[   12.114833] cloud-init[963]: ci-info: |   0   |  fe80::/64  |    ::   |   enp0s3  |   U   |
[   12.115015] cloud-init[963]: ci-info: |   3   |   ff00::/8  |    ::   |   enp0s3  |   U   |
[   12.115240] cloud-init[963]: ci-info: +-------+-------------+---------+-----------+-------+
[   12.115607] cloud-init[963]: Generating public/private rsa key pair.
[   12.115956] cloud-init[963]: Your identification has been saved in /etc/ssh/ssh_host_rsa_key.
[   12.116312] cloud-init[963]: Your public key has been saved in /etc/ssh/ssh_host_rsa_key.pub.
[   12.116689] cloud-init[963]: The key fingerprint is:
[   12.117035] cloud-init[963]: SHA256:YmouJ8m7HJdXg55CVbR4M+uzIk/rD28AM+r6J/bju0I root@ubuntu-xenial
[   12.117394] cloud-init[963]: The key's randomart image is:
[   12.117738] cloud-init[963]: +---[RSA 2048]----+
[   12.118088] cloud-init[963]: |       .o        |
[   12.118458] cloud-init[963]: |       o .       |
[   12.118799] cloud-init[963]: |      o =        |
[   12.119146] cloud-init[963]: |    +. o +       |
[   12.119513] cloud-init[963]: |   ..++ S        |
[   12.119858] cloud-init[963]: |  E. =.= .       |
[   12.120394] cloud-init[963]: | +..* *.o        |
[   12.120739] cloud-init[963]: | .X==+.+.o       |
[   12.121089] cloud-init[963]: |.+=%*B+++        |
[   12.121449] cloud-init[963]: +----[SHA256]-----+
[   12.121794] cloud-init[963]: Generating public/private dsa key pair.
[   12.122147] cloud-init[963]: Your identification has been saved in /etc/ssh/ssh_host_dsa_key.
[   12.122509] cloud-init[963]: Your public key has been saved in /etc/ssh/ssh_host_dsa_key.pub.
[   12.122852] cloud-init[963]: The key fingerprint is:
[   12.123203] cloud-init[963]: SHA256:jA/oXoFMioCNjyKsMdc3bNOMpRJUqaMW63sVwL6VSqw root@ubuntu-xenial
[   12.123570] cloud-init[963]: The key's randomart image is:
[   12.123913] cloud-init[963]: +---[DSA 1024]----+
[   12.124272] cloud-init[963]: |   .....         |
[   12.124614] cloud-init[963]: |.o .o .          |
[   12.124964] cloud-init[963]: |+ .ooo ..        |
[   12.125319] cloud-init[963]: |o+.=*=+O         |
[   12.125664] cloud-init[963]: |B.+**=%.S        |
[   12.126014] cloud-init[963]: |++E.o+.*         |
[[0;32m  OK  [0m] Listening on D-Bus System Message Bus Socket.
[   12.126209] cloud-init[963]: |.o  ... .        |
[   12.140292] cloud-init[963]: |  ....           |
[   12.140624] cloud-init[963]: |  .o.            |
[   12.140973] cloud-init[963]: +----[SHA256]-----+
[   12.141325] cloud-init[963]: Generating public/private ecdsa key pair.
[   12.141670] cloud-init[963]: Your identification has been saved in /etc/ssh/ssh_host_ecdsa_key.
[   12.142018] cloud-init[963]: Your public key has been saved in /etc/ssh/ssh_host_ecdsa_key.pub.
[   12.142372] cloud-init[963]: The key fingerprint is:
[   12.142715] cloud-init[963]: SHA256:kjXn2SrZTrs8sjkg4kK4BXkEia51oD7QcGoRpMPDpOI root@ubuntu-xenial
[   12.143075] cloud-init[963]: The key's randomart image is:
[   12.143419] cloud-init[963]: +---[ECDSA 256]---+
[   12.143768] cloud-init[963]: |+*.              |
[   12.144303] cloud-init[963]: |X.+              |
[   12.144645] cloud-init[963]: |*%..    o .      |
[   12.145004] cloud-init[963]: |O+= .  o + o     |
[   12.145346] cloud-init[963]: |*E .  o S o .    |
[   12.145687] cloud-init[963]: |o+o . .. o .     |
[   12.146038] cloud-init[963]: |.+.. . .o +      |
[   12.146382] cloud-init[963]: |o .     o*..     |
[   12.146729] cloud-init[963]: | .      o+=o     |
[   12.147024] cloud-init[963]: +----[SHA256]-----+
[   12.147366] cloud-init[963]: Generating public/private ed25519 key pair.
[   12.147715] cloud-init[963]: Your identification has been saved in /etc/ssh/ssh_host_ed25519_key.
[   12.148246] cloud-init[963]: Your public key has been saved in /etc/ssh/ssh_host_ed25519_key.pub.
[   12.148588] cloud-init[963]: The key fingerprint is:
[   12.148951] cloud-init[963]: SHA256:RI/HCG7dzxXwCaOq/rJm2NqcbqHQqQIK3CrALnSQAf4 root@ubuntu-xenial
[   12.149286] cloud-init[963]: The key's randomart image is:
[   12.149635] cloud-init[963]: +--[ED25519 256]--+
[   12.149989] cloud-init[963]: |o     . .   +..  |
[   12.150329] cloud-init[963]: |..   . + * . + o |
[   12.150811] cloud-init[963]: | .o   o = *   +  |
[   12.151032] cloud-init[963]: | o.  . . o o .   |
[   12.151371] cloud-init[963]: |o oE .  S   o    |
[   12.151718] cloud-init[963]: |++.oo ..         |
[   12.152253] cloud-init[963]: |B oo +..         |
[   12.152593] cloud-init[963]: |=o. o+*.         |
[   12.152954] cloud-init[963]: |o.  .*B+.        |
[   12.153298] cloud-init[963]: +----[SHA256]-----+
[[0;32m  OK  [0m] Listening on ACPID Listen Socket.
[[0;32m  OK  [0m] Started Daily Cleanup of Temporary Directories.
[[0;32m  OK  [0m] Started Message of the Day.
[[0;32m  OK  [0m] Listening on UUID daemon activation socket.
         Starting LXD - unix socket.
[[0;32m  OK  [0m] Started Daily apt download activities.
[[0;32m  OK  [0m] Started Daily apt upgrade and clean activities.
[[0;32m  OK  [0m] Reached target Timers.
[[0;32m  OK  [0m] Started ACPI Events Check.
[[0;32m  OK  [0m] Reached target Paths.
[[0;32m  OK  [0m] Listening on Socket activation for snappy daemon.
[[0;32m  OK  [0m] Listening on LXD - unix socket.
[[0;32m  OK  [0m] Started iSCSI initiator daemon (iscsid).
         Starting Login to default iSCSI targets...
[[0;32m  OK  [0m] Reached target Sockets.
[[0;32m  OK  [0m] Reached target Basic System.
         Starting LXD - container startup/shutdown...
         Starting Virtualbox guest utils...
         Starting /etc/rc.local Compatibility...
[[0;32m  OK  [0m] Started ACPI event daemon.
[[0;32m  OK  [0m] Started Regular background program processing daemon.
         Starting Snap Daemon...
         Starting Pollinate to seed the pseudo random number generator...
         Starting Accounts Service...
         Starting LSB: Record successful boot for GRUB...
         Starting Login Service...
         Starting System Logging Service...
[[0;32m  OK  [0m] Started FUSE filesystem for LXC.
[[0;32m  OK  [0m] Started Deferred execution scheduler.
         Starting LSB: MD monitoring daemon...
[[0;32m  OK  [0m] Started D-Bus System Message Bus.
[[0;32m  OK  [0m] Started System Logging Service.
[[0;32m  OK  [0m] Started /etc/rc.local Compatibility.
         Starting Authenticate and Authorize Users to Run Privileged Tasks...
[[0;32m  OK  [0m] Started Login to default iSCSI targets.
[[0;32m  OK  [0m] Started Login Service.
[[0;32m  OK  [0m] Started Unattended Upgrades Shutdown.
[[0;32m  OK  [0m] Reached target Remote File Systems (Pre).
[[0;32m  OK  [0m] Reached target Remote File Systems.
         Starting LSB: automatic crash report generation...
         Starting LSB: daemon to balance interrupts for SMP systems...
         Starting Permit User Sessions...
         Starting LSB: Set the CPU Frequency Scaling governor to "ondemand"...
[[0;32m  OK  [0m] Started LSB: Record successful boot for GRUB.
[[0;32m  OK  [0m] Started Permit User Sessions.
         Starting Hold until boot process finishes up...
         Starting Terminate Plymouth Boot Screen...
[[0;32m  OK  [0m] Started LXD - container startup/shutdown.
[[0;32m  OK  [0m] Started LSB: MD monitoring daemon.
[[0;32m  OK  [0m] Started Virtualbox guest utils.
[[0;32m  OK  [0m] Started Hold until boot process finishes up.
[[0;32m  OK  [0m] Started Authenticate and Authorize Users to Run Privileged Tasks.
[[0;32m  OK  [0m] Started Accounts Service.
[[0;32m  OK  [0m] Started Terminate Plymouth Boot Screen.
[[0;32m  OK  [0m] Started LSB: Set the CPU Frequency Scaling governor to "ondemand".
[[0;32m  OK  [0m] Started Serial Getty on ttyS0.
[[0;32m  OK  [0m] Started Getty on tty1.
[[0;32m  OK  [0m] Reached target Login Prompts.
         Starting Set console scheme...
[[0;32m  OK  [0m] Started LSB: automatic crash report generation.
[[0;32m  OK  [0m] Started LSB: daemon to balance interrupts for SMP systems.
[[0;32m  OK  [0m] Started Set console scheme.
[[0;32m  OK  [0m] Started Snap Daemon.
         Starting Wait until snapd is fully seeded...
[[0;32m  OK  [0m] Started Pollinate to seed the pseudo random number generator.
         Starting OpenBSD Secure Shell server...
[[0;32m  OK  [0m] Started OpenBSD Secure Shell server.
[[0;32m  OK  [0m] Created slice User Slice of vagrant.
         Starting User Manager for UID 1000...
[[0;32m  OK  [0m] Started Session 1 of user vagrant.
[[0;32m  OK  [0m] Started User Manager for UID 1000.
[[0;32m  OK  [0m] Started Wait until snapd is fully seeded.
[[0;32m  OK  [0m] Reached target Multi-User System.
[[0;32m  OK  [0m] Reached target Graphical Interface.
         Starting Update UTMP about System Runlevel Changes...
         Starting Apply the settings specified in cloud-config...
[[0;32m  OK  [0m] Started Update UTMP about System Runlevel Changes.
[   14.685028] cloud-init[1423]: Generating locales (this might take a while)...
[   15.837692] cloud-init[1423]:   en_US.UTF-8... done
[   15.839353] cloud-init[1423]: Generation complete.
[   16.144986] cloud-init[1423]: Cloud-init v. 20.4.1-0ubuntu1~16.04.1 running 'modules:config' at Fri, 19 Mar 2021 13:20:12 +0000. Up 14.57 seconds.
[[0;32m  OK  [0m] Started Apply the settings specified in cloud-config.
         Starting Execute cloud user/final scripts...
         Stopping User Manager for UID 1000...
[[0;32m  OK  [0m] Stopped User Manager for UID 1000.
[[0;32m  OK  [0m] Removed slice User Slice of vagrant.
[[0;32m  OK  [0m] Created slice User Slice of vagrant.
         Starting User Manager for UID 1000...
[[0;32m  OK  [0m] Started Session 2 of user vagrant.
[[0;32m  OK  [0m] Started User Manager for UID 1000.
ci-info: no authorized SSH keys fingerprints found for user ubuntu.
<14>Mar 19 13:20:14 ec2: 
<14>Mar 19 13:20:14 ec2: #############################################################
<14>Mar 19 13:20:14 ec2: -----BEGIN SSH HOST KEY FINGERPRINTS-----
<14>Mar 19 13:20:14 ec2: 1024 SHA256:jA/oXoFMioCNjyKsMdc3bNOMpRJUqaMW63sVwL6VSqw root@ubuntu-xenial (DSA)
<14>Mar 19 13:20:14 ec2: 256 SHA256:kjXn2SrZTrs8sjkg4kK4BXkEia51oD7QcGoRpMPDpOI root@ubuntu-xenial (ECDSA)
<14>Mar 19 13:20:14 ec2: 256 SHA256:RI/HCG7dzxXwCaOq/rJm2NqcbqHQqQIK3CrALnSQAf4 root@ubuntu-xenial (ED25519)
<14>Mar 19 13:20:14 ec2: 2048 SHA256:YmouJ8m7HJdXg55CVbR4M+uzIk/rD28AM+r6J/bju0I root@ubuntu-xenial (RSA)
<14>Mar 19 13:20:14 ec2: -----END SSH HOST KEY FINGERPRINTS-----
<14>Mar 19 13:20:14 ec2: #############################################################
-----BEGIN SSH HOST KEY KEYS-----
ecdsa-sha2-nistp256 AAAAE2VjZHNhLXNoYTItbmlzdHAyNTYAAAAIbmlzdHAyNTYAAABBBD2cRt1r24gV8hkI7yviIj3oUrmOqps9qcXwbQLrhtd4CcBoyD7rD8TkTgLiMhXnVqYms1qduI5Rw5t/VE8ChUg= root@ubuntu-xenial
ssh-ed25519 AAAAC3NzaC1lZDI1NTE5AAAAIGIKb15hiNYhhLV0Zeo8LyHcXi4Jx7RolmUrsc7ZYfvO root@ubuntu-xenial
ssh-rsa AAAAB3NzaC1yc2EAAAADAQABAAABAQCaAM49LrTi7SaTBQ1Q298hf0v0OQXINUkScqGZa5n9BmRdABBBpAxDlOixhxDhAvRKTpAPiAnQuH0Q20srw0EIqVBdYyZ7dobft/CAObRSQmQmfGMW8rR8/NL+lTmUokBF5CUNMV8z0gf26RBM1y3W2Lyyep2496YCQhAFx6jpbM41+R8SZA1DabNMo8oaQYko7dFMSO1CdxVrYZFmzn+dayB6QwVTIrSZE63AHKcMKcD7mlMsOcz9mIVgfJ1wUUsdDlS9hn7yNjv+/wr0eSgtO9gsDDq2Lj9NLN86vHP9Pv27n3cmbDl43wgF7JIrXnuKR3YQatPVwS/oztU2OJWv root@ubuntu-xenial
-----END SSH HOST KEY KEYS-----
[   16.692562] cloud-init[1562]: Cloud-init v. 20.4.1-0ubuntu1~16.04.1 running 'modules:final' at Fri, 19 Mar 2021 13:20:14 +0000. Up 16.51 seconds.
[   16.694478] cloud-init[1562]: ci-info: no authorized SSH keys fingerprints found for user ubuntu.
[   16.696213] cloud-init[1562]: Cloud-init v. 20.4.1-0ubuntu1~16.04.1 finished at Fri, 19 Mar 2021 13:20:14 +0000. Datasource DataSourceNoCloud [seed=/dev/sdb][dsmode=net].  Up 16.68 seconds
[[0;32m  OK  [0m] Started Execute cloud user/final scripts.
[[0;32m  OK  [0m] Reached target Cloud-init target.

Ubuntu 16.04.7 LTS ubuntu-xenial ttyS0

ubuntu-xenial login: 